unityLibrary/build/intermediates/manifest_merge_blame_file/debug/manifest-merger-blame-debug-report.txt
1<?xml version="1.0" encoding="utf-8"?>
2<!-- GENERATED BY UNITY. REMOVE THIS COMMENT TO PREVENT OVERWRITING WHEN EXPORTING AGAIN -->
3<manifest xmlns:android="http://schemas.android.com/apk/res/android"
4    xmlns:tools="http://schemas.android.com/tools"
5    package="com.unity3d.player"
6    android:versionCode="1"
7    android:versionName="0.1" >
8
9    <uses-sdk
10        android:minSdkVersion="26"
10-->src\main\AndroidManifest.xml
11        android:targetSdkVersion="30" />
11-->src\main\AndroidManifest.xml
12
13    <uses-feature android:glEsVersion="0x00020000" />
13-->src\main\AndroidManifest.xml:37:5-54
13-->src\main\AndroidManifest.xml:37:19-51
14
15    <uses-permission android:name="android.permission.INTERNET" />
15-->src\main\AndroidManifest.xml:38:5-67
15-->src\main\AndroidManifest.xml:38:22-64
16
17    <uses-feature
17-->src\main\AndroidManifest.xml:40:5-42:36
18        android:name="android.hardware.touchscreen"
18-->src\main\AndroidManifest.xml:41:9-52
19        android:required="false" />
19-->src\main\AndroidManifest.xml:42:9-33
20    <uses-feature
20-->src\main\AndroidManifest.xml:43:5-45:36
21        android:name="android.hardware.touchscreen.multitouch"
21-->src\main\AndroidManifest.xml:44:9-63
22        android:required="false" />
22-->src\main\AndroidManifest.xml:45:9-33
23    <uses-feature
23-->src\main\AndroidManifest.xml:46:5-48:36
24        android:name="android.hardware.touchscreen.multitouch.distinct"
24-->src\main\AndroidManifest.xml:47:9-72
25        android:required="false" />
25-->src\main\AndroidManifest.xml:48:9-33
26
27    <uses-permission android:name="android.permission.CAMERA" />
27-->src\main\AndroidManifest.xml:50:5-65
27-->src\main\AndroidManifest.xml:50:22-62
28
29    <uses-feature
29-->src\main\AndroidManifest.xml:52:5-54:35
30        android:name="android.hardware.camera.ar"
30-->src\main\AndroidManifest.xml:53:9-50
31        android:required="true" />
31-->src\main\AndroidManifest.xml:54:9-32
32    <uses-feature
32-->src\main\AndroidManifest.xml:55:5-57:35
33        android:name="com.google.ar.core.depth"
33-->src\main\AndroidManifest.xml:56:9-48
34        android:required="true" />
34-->src\main\AndroidManifest.xml:57:9-32
35
36    <application android:isGame="true" >
36-->src\main\AndroidManifest.xml:6:5-36:19
36-->src\main\AndroidManifest.xml:6:18-39
37        <activity
37-->src\main\AndroidManifest.xml:7:9-19:20
38            android:name="com.unity3d.player.UnityPlayerActivity"
38-->src\main\AndroidManifest.xml:8:13-66
39            android:configChanges="mcc|mnc|locale|touchscreen|keyboard|keyboardHidden|navigation|orientation|screenLayout|uiMode|screenSize|smallestScreenSize|fontScale|layoutDirection|density"
39-->src\main\AndroidManifest.xml:9:13-194
40            android:hardwareAccelerated="false"
40-->src\main\AndroidManifest.xml:10:13-48
41            android:launchMode="singleTask"
41-->src\main\AndroidManifest.xml:11:13-44
42            android:process=":unityplayer"
42-->src\main\AndroidManifest.xml:12:13-43
43            android:screenOrientation="fullSensor"
43-->src\main\AndroidManifest.xml:13:13-51
44            android:theme="@style/UnityThemeSelector" >
44-->src\main\AndroidManifest.xml:14:13-54
45            <meta-data
45-->src\main\AndroidManifest.xml:16:13-18:40
46                android:name="unityplayer.UnityActivity"
46-->src\main\AndroidManifest.xml:17:17-57
47                android:value="true" />
47-->src\main\AndroidManifest.xml:18:17-37
48        </activity>
49
50        <meta-data
50-->src\main\AndroidManifest.xml:21:9-23:33
51            android:name="unity.splash-mode"
51-->src\main\AndroidManifest.xml:22:13-45
52            android:value="0" />
52-->src\main\AndroidManifest.xml:23:13-30
53        <meta-data
53-->src\main\AndroidManifest.xml:24:9-26:36
54            android:name="unity.splash-enable"
54-->src\main\AndroidManifest.xml:25:13-47
55            android:value="True" />
55-->src\main\AndroidManifest.xml:26:13-33
56        <meta-data
56-->src\main\AndroidManifest.xml:27:9-29:68
57            android:name="unity.build-id"
57-->src\main\AndroidManifest.xml:28:13-42
58            android:value="50c6027f-fc88-4ac7-a9d0-286f939145a0" />
58-->src\main\AndroidManifest.xml:29:13-65
59        <meta-data
59-->src\main\AndroidManifest.xml:30:9-32:36
60            android:name="unityplayer.SkipPermissionsDialog"
60-->src\main\AndroidManifest.xml:31:13-61
61            android:value="true" />
61-->src\main\AndroidManifest.xml:32:13-33
62        <meta-data
62-->src\main\AndroidManifest.xml:33:9-35:40
63            android:name="com.google.ar.core"
63-->src\main\AndroidManifest.xml:34:13-46
64            android:value="required" />
64-->src\main\AndroidManifest.xml:35:13-37
65    </application>
66
67</manifest>